<?xml version="1.0" encoding="UTF-8"?>
<!-- Generated by org.testng.reporters.JUnitReportReporter -->
<testsuite hostname="DESKTOP-CNCJS5A" failures="0" tests="2" name="starWarsAPI.Testes_Get" time="5.930" errors="0" timestamp="2021-10-12T16:24:27 BRT" skipped="0">
  <testcase classname="starWarsAPI.Testes_Get" name="test_01" time="3.461"/>
  <system-out/>
  <testcase classname="starWarsAPI.Testes_Get" name="test_1" time="2.469"/>
  <system-out/>
</testsuite> <!-- starWarsAPI.Testes_Get -->
