<?xml version="1.0" encoding="UTF-8"?>
<!-- Generated by org.testng.reporters.JUnitReportReporter -->
<testsuite hostname="DESKTOP-CNCJS5A" failures="0" tests="1" name="starWarsAPI.Testes" time="3.321" errors="0" timestamp="2021-10-12T14:28:52 BRT" skipped="0">
  <testcase classname="starWarsAPI.Testes" name="test_01" time="3.321"/>
  <system-out/>
</testsuite> <!-- starWarsAPI.Testes -->
