<?xml version="1.0" encoding="UTF-8"?>
<!-- Generated by org.testng.reporters.JUnitReportReporter -->
<testsuite hostname="DESKTOP-CNCJS5A" failures="0" tests="3" name="starWarsAPI.Tests_GET" time="7.709" errors="0" timestamp="2021-10-13T14:39:02 BRT" skipped="0">
  <testcase classname="starWarsAPI.Tests_GET" name="test_1" time="5.430"/>
  <system-out/>
  <testcase classname="starWarsAPI.Tests_GET" name="test_2" time="1.167"/>
  <system-out/>
  <testcase classname="starWarsAPI.Tests_GET" name="test_3" time="1.112"/>
  <system-out/>
</testsuite> <!-- starWarsAPI.Tests_GET -->
