<?xml version="1.0" encoding="UTF-8"?>
<!-- Generated by org.testng.reporters.JUnitReportReporter -->
<testsuite hostname="DESKTOP-CNCJS5A" failures="0" tests="2" name="starWarsAPI.Tests_GET" time="7.095" errors="0" timestamp="2021-10-12T16:29:06 BRT" skipped="0">
  <testcase classname="starWarsAPI.Tests_GET" name="test_1" time="3.604"/>
  <system-out/>
  <testcase classname="starWarsAPI.Tests_GET" name="test_01" time="3.491"/>
  <system-out/>
</testsuite> <!-- starWarsAPI.Tests_GET -->
